.\Debug\forgotten-dreams.ilk
C:\Users\risk\Documents\GitHub\Exodus\projects\endless-port\.\Debug\forgotten-dreams.exe
C:\Users\risk\Documents\GitHub\Exodus\projects\endless-port\.\Debug\forgotten-dreams.exe.intermediate.manifest
C:\USERS\RISK\DOCUMENTS\GITHUB\EXODUS\PROJECTS\ENDLESS-PORT\DEBUG\CBITMAPOBJECT.OBJ
C:\USERS\RISK\DOCUMENTS\GITHUB\EXODUS\PROJECTS\ENDLESS-PORT\DEBUG\CFILEMANAGER.OBJ
C:\USERS\RISK\DOCUMENTS\GITHUB\EXODUS\PROJECTS\ENDLESS-PORT\DEBUG\CGAMEENGINE.OBJ
C:\USERS\RISK\DOCUMENTS\GITHUB\EXODUS\PROJECTS\ENDLESS-PORT\DEBUG\CINTROSTATE.OBJ
C:\Users\risk\Documents\GitHub\Exodus\projects\endless-port\Debug\cl.command.1.tlog
C:\Users\risk\Documents\GitHub\Exodus\projects\endless-port\Debug\CL.read.1.tlog
C:\Users\risk\Documents\GitHub\Exodus\projects\endless-port\Debug\CL.write.1.tlog
C:\USERS\RISK\DOCUMENTS\GITHUB\EXODUS\PROJECTS\ENDLESS-PORT\DEBUG\FORGOTTEN-DREAMS.EXE
C:\USERS\RISK\DOCUMENTS\GITHUB\EXODUS\PROJECTS\ENDLESS-PORT\DEBUG\FORGOTTEN-DREAMS.EXE.EMBED.MANIFEST
C:\USERS\RISK\DOCUMENTS\GITHUB\EXODUS\PROJECTS\ENDLESS-PORT\DEBUG\FORGOTTEN-DREAMS.EXE.EMBED.MANIFEST.RES
C:\USERS\RISK\DOCUMENTS\GITHUB\EXODUS\PROJECTS\ENDLESS-PORT\DEBUG\FORGOTTEN-DREAMS.EXE.INTERMEDIATE.MANIFEST
C:\USERS\RISK\DOCUMENTS\GITHUB\EXODUS\PROJECTS\ENDLESS-PORT\DEBUG\FORGOTTEN-DREAMS.ILK
C:\Users\risk\Documents\GitHub\Exodus\projects\endless-port\Debug\forgotten-dreams_manifest.rc
C:\Users\risk\Documents\GitHub\Exodus\projects\endless-port\Debug\link.1888.read.1.tlog
C:\Users\risk\Documents\GitHub\Exodus\projects\endless-port\Debug\link.1888.write.1.tlog
C:\Users\risk\Documents\GitHub\Exodus\projects\endless-port\Debug\link.1888-cvtres.read.1.tlog
C:\Users\risk\Documents\GitHub\Exodus\projects\endless-port\Debug\link.1888-cvtres.write.1.tlog
C:\Users\risk\Documents\GitHub\Exodus\projects\endless-port\Debug\link.command.1.tlog
C:\Users\risk\Documents\GitHub\Exodus\projects\endless-port\Debug\link.read.1.tlog
C:\Users\risk\Documents\GitHub\Exodus\projects\endless-port\Debug\link.write.1.tlog
C:\Users\risk\Documents\GitHub\Exodus\projects\endless-port\Debug\link-cvtres.read.1.tlog
C:\Users\risk\Documents\GitHub\Exodus\projects\endless-port\Debug\link-cvtres.write.1.tlog
C:\USERS\RISK\DOCUMENTS\GITHUB\EXODUS\PROJECTS\ENDLESS-PORT\DEBUG\MAIN.OBJ
C:\USERS\RISK\DOCUMENTS\GITHUB\EXODUS\PROJECTS\ENDLESS-PORT\DEBUG\MOVEABLE.PDB
C:\Users\risk\Documents\GitHub\Exodus\projects\endless-port\Debug\mt.command.1.tlog
C:\Users\risk\Documents\GitHub\Exodus\projects\endless-port\Debug\mt.read.1.tlog
C:\Users\risk\Documents\GitHub\Exodus\projects\endless-port\Debug\mt.write.1.tlog
C:\Users\risk\Documents\GitHub\Exodus\projects\endless-port\Debug\Network.ilk
C:\Users\risk\Documents\GitHub\Exodus\projects\endless-port\Debug\Network.pdb
C:\Users\risk\Documents\GitHub\Exodus\projects\endless-port\Debug\rc.command.1.tlog
C:\Users\risk\Documents\GitHub\Exodus\projects\endless-port\Debug\rc.read.1.tlog
C:\Users\risk\Documents\GitHub\Exodus\projects\endless-port\Debug\rc.write.1.tlog
C:\Users\risk\Documents\GitHub\Exodus\projects\endless-port\Debug\vc100.idb
C:\USERS\RISK\DOCUMENTS\GITHUB\EXODUS\PROJECTS\ENDLESS-PORT\DEBUG\VC100.PDB
