Build started 2013-02-17 23:37:29.
     1>Project "C:\Users\149999risk\Documents\GitHub\Exodus\projects\endless-port\moveable.vcxproj" on node 2 (Build target(s)).
     1>ClCompile:
         C:\Program Files (x86)\Microsoft Visual Studio 11.0\VC\bin\CL.exe /c /ZI /nologo /W3 /WX- /Od /Oy- /D WIN32 /D _DEBUG /D _WINDOWS /D _VC80_UPGRADE=0x0600 /D _MBCS /Gm /EHsc /RTC1 /MTd /GS /Gy- /fp:precise /Zc:wchar_t /Zc:forScope /Fo".\Debug\\" /Fd".\Debug\vc110.pdb" /Gd /TP /analyze- /errorReport:prompt CGameEngine.cpp Graphics.cpp main.cpp
         main.cpp
         Graphics.cpp
     1>c:\users\149999risk\documents\github\exodus\projects\endless-port\map\cmapstuff.h(158): warning C4996: 'strcpy': This function or variable may be unsafe. Consider using strcpy_s instead. To disable deprecation, use _CRT_SECURE_NO_WARNINGS. See online help for details.
                 c:\program files (x86)\microsoft visual studio 11.0\vc\include\string.h(110) : see declaration of 'strcpy'
     1>c:\users\149999risk\documents\github\exodus\projects\endless-port\map\cmapstuff.h(160): warning C4996: 'strcpy': This function or variable may be unsafe. Consider using strcpy_s instead. To disable deprecation, use _CRT_SECURE_NO_WARNINGS. See online help for details.
                 c:\program files (x86)\microsoft visual studio 11.0\vc\include\string.h(110) : see declaration of 'strcpy'
     1>c:\users\149999risk\documents\github\exodus\projects\endless-port\map\cmapstuff.h(162): warning C4996: 'strcpy': This function or variable may be unsafe. Consider using strcpy_s instead. To disable deprecation, use _CRT_SECURE_NO_WARNINGS. See online help for details.
                 c:\program files (x86)\microsoft visual studio 11.0\vc\include\string.h(110) : see declaration of 'strcpy'
     1>c:\users\149999risk\documents\github\exodus\projects\endless-port\map\cmapstuff.h(164): warning C4996: 'strcpy': This function or variable may be unsafe. Consider using strcpy_s instead. To disable deprecation, use _CRT_SECURE_NO_WARNINGS. See online help for details.
                 c:\program files (x86)\microsoft visual studio 11.0\vc\include\string.h(110) : see declaration of 'strcpy'
     1>c:\users\149999risk\documents\github\exodus\projects\endless-port\player\pod_player.h(35): error C2371: 'AInput' : redefinition; different basic types
                 c:\users\149999risk\documents\github\exodus\projects\endless-port\player\sactor.h(46) : see declaration of 'AInput'
     1>c:\users\149999risk\documents\github\exodus\projects\endless-port\player\pod_player.h(38): error C2011: 'SEquipped' : 'struct' type redefinition
                 c:\users\149999risk\documents\github\exodus\projects\endless-port\player\sactor.h(49) : see declaration of 'SEquipped'
     1>c:\users\149999risk\documents\github\exodus\projects\endless-port\player\pod_player.h(46): error C2504: 'SEquipped' : base class undefined
     1>c:\users\149999risk\documents\github\exodus\projects\endless-port\player\pod_player.h(108): error C2371: 'PlayerTable' : redefinition; different basic types
                 c:\users\149999risk\documents\github\exodus\projects\endless-port\player\sactor.h(120) : see declaration of 'PlayerTable'
     1>c:\users\149999risk\documents\github\exodus\projects\endless-port\graphics.cpp(13): fatal error C1083: Cannot open include file: 'gs_BLITTER.h': No such file or directory
         CGameEngine.cpp
         Generating Code...
     1>Done Building Project "C:\Users\149999risk\Documents\GitHub\Exodus\projects\endless-port\moveable.vcxproj" (Build target(s)) -- FAILED.

Build FAILED.

Time Elapsed 00:00:03.09
