Build started 2012-06-06 16:06:56.
     1>Project "C:\Users\risk\Documents\GitHub\Exodus\projects\Actors\Actors.vcxproj" on node 2 (build target(s)).
     1>InitializeBuildStatus:
         Creating "Debug\Actors.unsuccessfulbuild" because "AlwaysCreate" was specified.
       ClCompile:
         C:\Program Files\Microsoft Visual Studio 10.0\VC\bin\CL.exe /c /ZI /nologo /W3 /WX- /Od /Oy- /D WIN32 /D _DEBUG /D _CONSOLE /D _UNICODE /D UNICODE /Gm /EHsc /RTC1 /MDd /GS /fp:precise /Zc:wchar_t /Zc:forScope /Fo"Debug\\" /Fd"Debug\vc100.pdb" /Gd /TP /analyze- /errorReport:prompt main.cpp
         main.cpp
       ManifestResourceCompile:
         All outputs are up-to-date.
       Link:
         C:\Program Files\Microsoft Visual Studio 10.0\VC\bin\link.exe /ERRORREPORT:PROMPT /OUT:"C:\Users\risk\Documents\GitHub\Exodus\projects\Debug\Actors.exe" /INCREMENTAL /NOLOGO kernel32.lib user32.lib gdi32.lib winspool.lib comdlg32.lib advapi32.lib shell32.lib ole32.lib oleaut32.lib uuid.lib odbc32.lib odbccp32.lib /MANIFEST /ManifestFile:"Debug\Actors.exe.intermediate.manifest" /MANIFESTUAC:"level='asInvoker' uiAccess='false'" /DEBUG /PDB:"C:\Users\risk\Documents\GitHub\Exodus\projects\Debug\Actors.pdb" /SUBSYSTEM:CONSOLE /TLBID:1 /DYNAMICBASE /NXCOMPAT /IMPLIB:"C:\Users\risk\Documents\GitHub\Exodus\projects\Debug\Actors.lib" /MACHINE:X86 Debug\Actors.exe.embed.manifest.res
         Debug\CSoul.obj
         Debug\main.obj
       Manifest:
         C:\Program Files\Microsoft SDKs\Windows\v7.0A\bin\mt.exe /nologo /verbose /out:"Debug\Actors.exe.embed.manifest" /manifest Debug\Actors.exe.intermediate.manifest
         All outputs are up-to-date.
       LinkEmbedManifest:
         All outputs are up-to-date.
         Actors.vcxproj -> C:\Users\risk\Documents\GitHub\Exodus\projects\Debug\Actors.exe
       FinalizeBuildStatus:
         Deleting file "Debug\Actors.unsuccessfulbuild".
         Touching "Debug\Actors.lastbuildstate".
     1>Done Building Project "C:\Users\risk\Documents\GitHub\Exodus\projects\Actors\Actors.vcxproj" (build target(s)).

Build succeeded.

Time Elapsed 00:00:02.27
